[2025-05-28 09:00:09] [error] Error getting current channel: cURL error: Connection timed out after 1001 milliseconds
[2025-05-29 14:12:33] [error] Error sending power command: cURL error: Operation timed out after 1001 milliseconds with 0 bytes received
[2025-05-29 19:09:18] [error] Error checking volume control support: cURL error: Connection timed out after 1000 milliseconds
[2025-05-29 20:15:54] [error] Error sending power command: cURL error: Operation timed out after 1001 milliseconds with 0 bytes received
[2025-05-29 20:29:46] [error] Error getting current channel: cURL error: Connection timed out after 1001 milliseconds
[2025-05-29 20:29:47] [error] Error getting current channel: cURL error: Connection timed out after 1001 milliseconds
[2025-05-29 20:29:50] [error] Error getting current channel: cURL error: Connection timed out after 1001 milliseconds
[2025-05-29 20:29:51] [error] Error getting current channel: cURL error: Connection timed out after 1001 milliseconds
[2025-05-30 10:46:48] [error] Error checking volume control support: cURL error: Connection timed out after 1001 milliseconds
[2025-05-30 21:35:31] [error] Error getting current channel: cURL error: Connection timed out after 1001 milliseconds
[2025-05-31 20:13:07] [error] Error sending power command: cURL error: Operation timed out after 1001 milliseconds with 0 bytes received
[2025-06-04 00:03:16] [error] Error getting current volume: cURL error: Connection timed out after 1001 milliseconds
[2025-06-04 20:07:10] [error] Error sending power command: cURL error: Operation timed out after 1001 milliseconds with 0 bytes received
[2025-06-04 20:07:10] [error] Error sending power command: cURL error: Operation timed out after 1001 milliseconds with 0 bytes received
[2025-06-04 20:07:10] [error] Error sending power command: cURL error: Operation timed out after 1001 milliseconds with 0 bytes received
[2025-06-04 20:07:10] [error] Error sending power command: cURL error: Operation timed out after 1001 milliseconds with 0 bytes received
[2025-06-04 20:07:10] [error] Error sending power command: cURL error: Operation timed out after 1019 milliseconds with 0 bytes received
[2025-06-05 14:05:46] [error] Error sending power command: cURL error: Operation timed out after 1001 milliseconds with 0 bytes received
[2025-06-05 14:05:46] [error] Error sending power command: cURL error: Operation timed out after 1001 milliseconds with 0 bytes received
[2025-06-05 14:05:46] [error] Error sending power command: cURL error: Operation timed out after 1001 milliseconds with 0 bytes received
[2025-06-05 14:05:46] [error] Error sending power command: cURL error: Operation timed out after 1001 milliseconds with 0 bytes received
[2025-06-05 14:05:46] [error] Error sending power command: cURL error: Operation timed out after 1000 milliseconds with 0 bytes received
[2025-06-05 14:06:16] [error] Error sending power command: cURL error: Operation timed out after 1001 milliseconds with 0 bytes received
[2025-06-05 14:06:16] [error] Error sending power command: cURL error: Operation timed out after 1001 milliseconds with 0 bytes received
[2025-06-05 14:06:16] [error] Error sending power command: cURL error: Operation timed out after 1001 milliseconds with 0 bytes received
[2025-06-05 14:06:16] [error] Error sending power command: cURL error: Operation timed out after 1001 milliseconds with 0 bytes received
[2025-06-05 14:06:16] [error] Error sending power command: cURL error: Operation timed out after 1001 milliseconds with 0 bytes received
[2025-06-05 15:14:41] [error] Error getting current channel: cURL error: Connection timed out after 1000 milliseconds
[2025-06-05 17:37:44] [error] Error getting current volume: cURL error: Connection timed out after 1001 milliseconds
[2025-06-06 10:17:45] [error] Error checking volume control support: cURL error: Connection timed out after 1001 milliseconds
[2025-06-06 14:15:56] [error] Error sending power command: cURL error: Operation timed out after 1001 milliseconds with 0 bytes received
[2025-06-06 15:36:16] [error] Error checking volume control support: cURL error: Connection timed out after 1001 milliseconds
[2025-06-06 20:37:17] [error] Error checking volume control support: cURL error: Connection timed out after 1001 milliseconds
[2025-06-07 11:48:19] [error] Error getting current channel: cURL error: Connection timed out after 1001 milliseconds
[2025-06-08 09:01:21] [error] Error getting current channel: cURL error: Connection timed out after 1001 milliseconds
[2025-06-08 09:01:22] [error] Error getting current channel: cURL error: Connection timed out after 1001 milliseconds
[2025-06-08 09:01:23] [error] Error getting current channel: cURL error: Connection timed out after 1001 milliseconds
[2025-06-08 09:01:24] [error] Error getting current channel: cURL error: Connection timed out after 1001 milliseconds
[2025-06-08 09:01:25] [error] Error getting current channel: cURL error: Connection timed out after 1001 milliseconds
[2025-06-08 09:01:26] [error] Error getting current channel: cURL error: Connection timed out after 1001 milliseconds
[2025-06-08 09:01:27] [error] Error checking volume control support: cURL error: Operation timed out after 1000 milliseconds with 0 bytes received
[2025-06-08 15:48:22] [error] Error getting current channel: cURL error: Connection timed out after 1001 milliseconds
[2025-06-09 19:56:55] [error] Error sending power command: cURL error: Operation timed out after 1000 milliseconds with 0 bytes received
[2025-06-09 19:56:56] [error] Error checking volume control support: cURL error: Operation timed out after 1000 milliseconds with 0 bytes received
[2025-06-10 09:11:26] [error] Error getting current channel: cURL error: Failed to connect to 192.168.8.60 port 80 after 0 ms: Connection refused
[2025-06-10 09:11:26] [error] Error getting current channel: cURL error: Failed to connect to 192.168.8.60 port 80 after 0 ms: Connection refused
[2025-06-10 09:11:27] [error] Error getting current channel: cURL error: Connection timed out after 1000 milliseconds
[2025-06-10 09:11:28] [error] Error getting current channel: cURL error: Connection timed out after 1000 milliseconds
[2025-06-10 09:11:29] [error] Error getting current channel: cURL error: Connection timed out after 1000 milliseconds
[2025-06-10 09:11:30] [error] Error getting current channel: cURL error: Connection timed out after 1000 milliseconds
[2025-06-10 09:11:31] [error] Error getting current channel: cURL error: Connection timed out after 1000 milliseconds
[2025-06-10 09:11:32] [error] Error getting current channel: cURL error: Connection timed out after 1000 milliseconds
[2025-06-10 09:11:33] [error] Error getting current channel: cURL error: Connection timed out after 1000 milliseconds
[2025-06-10 09:11:36] [error] Error getting current channel: cURL error: Connection timed out after 1001 milliseconds
[2025-06-10 09:11:37] [error] Error getting current channel: cURL error: Connection timed out after 1001 milliseconds
[2025-06-10 09:11:38] [error] Error getting current channel: cURL error: Connection timed out after 1000 milliseconds
[2025-06-10 09:11:39] [error] Error getting current channel: cURL error: Connection timed out after 1001 milliseconds
[2025-06-10 09:11:40] [error] Error getting current channel: cURL error: Connection timed out after 1001 milliseconds
[2025-06-10 09:11:41] [error] Error getting current channel: cURL error: Connection timed out after 1001 milliseconds
[2025-06-10 09:11:54] [error] Error checking volume control support: cURL error: Operation timed out after 1001 milliseconds with 0 bytes received
[2025-06-11 06:54:33] [error] Error getting current channel: cURL error: Connection timed out after 1001 milliseconds
[2025-06-12 14:20:02] [error] Error sending power command: cURL error: Operation timed out after 1000 milliseconds with 0 bytes received
[2025-06-12 14:20:02] [error] Error sending power command: cURL error: Operation timed out after 1000 milliseconds with 0 bytes received
[2025-06-12 14:20:02] [error] Error sending power command: cURL error: Operation timed out after 1000 milliseconds with 0 bytes received
[2025-06-12 14:20:32] [error] Error sending power command: cURL error: Operation timed out after 1000 milliseconds with 0 bytes received
[2025-06-12 14:20:32] [error] Error sending power command: cURL error: Operation timed out after 1000 milliseconds with 0 bytes received
[2025-06-12 14:20:34] [error] Error setting channel: cURL error: Operation timed out after 1001 milliseconds with 0 bytes received
[2025-06-13 13:40:31] [error] Error sending power command: cURL error: Operation timed out after 1001 milliseconds with 0 bytes received
[2025-06-13 17:26:22] [error] Error sending power command: cURL error: Operation timed out after 1001 milliseconds with 0 bytes received
[2025-06-14 09:02:27] [error] Error getting current channel: cURL error: Failed to connect to 192.168.8.60 port 80 after 0 ms: Connection refused
[2025-06-14 09:02:27] [error] Error getting current channel: cURL error: Failed to connect to 192.168.8.60 port 80 after 0 ms: Connection refused
[2025-06-14 09:02:28] [error] Error getting current channel: cURL error: Connection timed out after 1001 milliseconds
[2025-06-14 09:02:29] [error] Error getting current channel: cURL error: Connection timed out after 1001 milliseconds
[2025-06-14 09:02:30] [error] Error getting current channel: cURL error: Connection timed out after 1001 milliseconds
[2025-06-14 09:02:31] [error] Error getting current channel: cURL error: Connection timed out after 1001 milliseconds
[2025-06-14 09:02:32] [error] Error getting current channel: cURL error: Connection timed out after 1001 milliseconds
[2025-06-14 09:02:33] [error] Error getting current channel: cURL error: Connection timed out after 1001 milliseconds
[2025-06-14 09:02:34] [error] Error getting current channel: cURL error: Connection timed out after 1001 milliseconds
[2025-06-14 17:47:29] [error] Error getting current channel: cURL error: Connection timed out after 1001 milliseconds
[2025-06-14 23:08:05] [error] Error sending power command: cURL error: Operation timed out after 1001 milliseconds with 0 bytes received
[2025-06-17 09:07:16] [error] Error getting current channel: cURL error: Connection timed out after 1001 milliseconds
[2025-06-17 09:07:17] [error] Error getting current channel: cURL error: Connection timed out after 1001 milliseconds
[2025-06-17 09:07:18] [error] Error getting current channel: cURL error: Connection timed out after 1001 milliseconds
[2025-06-17 09:07:19] [error] Error getting current channel: cURL error: Connection timed out after 1001 milliseconds
[2025-06-17 09:07:20] [error] Error getting current channel: cURL error: Connection timed out after 1000 milliseconds
[2025-06-17 09:07:21] [error] Error checking volume control support: cURL error: Operation timed out after 1001 milliseconds with 0 bytes received
[2025-06-17 14:03:29] [error] Error sending power command: cURL error: Operation timed out after 1000 milliseconds with 0 bytes received
[2025-06-18 02:47:11] [error] Error sending power command: cURL error: Operation timed out after 1001 milliseconds with 0 bytes received
[2025-06-18 14:43:48] [error] Error sending power command: cURL error: Operation timed out after 1001 milliseconds with 0 bytes received
[2025-06-19 11:11:44] [error] Error sending power command: cURL error: Operation timed out after 1001 milliseconds with 0 bytes received
[2025-06-19 11:11:44] [error] Error sending power command: cURL error: Operation timed out after 1001 milliseconds with 0 bytes received
[2025-06-20 14:33:29] [error] Error sending power command: cURL error: Operation timed out after 1001 milliseconds with 0 bytes received
[2025-06-20 14:33:29] [error] Error sending power command: cURL error: Operation timed out after 1001 milliseconds with 0 bytes received
[2025-06-20 14:33:29] [error] Error sending power command: cURL error: Operation timed out after 1000 milliseconds with 0 bytes received
[2025-06-20 14:33:30] [error] Error checking volume control support: cURL error: Operation timed out after 1001 milliseconds with 0 bytes received
[2025-06-20 14:33:31] [error] Error getting current channel: cURL error: Operation timed out after 1001 milliseconds with 0 bytes received
[2025-06-20 14:34:20] [error] Error sending power command: cURL error: Operation timed out after 1001 milliseconds with 0 bytes received
[2025-06-20 19:35:04] [error] Error getting current channel: cURL error: Connection timed out after 1001 milliseconds
[2025-06-21 03:58:25] [error] Error sending power command: cURL error: Operation timed out after 1001 milliseconds with 0 bytes received
[2025-06-21 10:02:33] [error] Error sending power command: cURL error: Operation timed out after 1001 milliseconds with 0 bytes received
[2025-06-21 10:03:03] [error] Error sending power command: cURL error: Operation timed out after 1001 milliseconds with 0 bytes received
[2025-06-23 15:40:37] [error] Error sending power command: cURL error: Operation timed out after 1001 milliseconds with 0 bytes received
[2025-06-25 14:45:21] [error] Error sending power command: cURL error: Operation timed out after 1001 milliseconds with 0 bytes received
[2025-06-25 20:16:24] [error] Error sending power command: cURL error: Operation timed out after 1001 milliseconds with 0 bytes received
[2025-06-26 14:48:30] [error] Error checking volume control support: cURL error: Connection timed out after 1001 milliseconds
[2025-06-27 04:08:37] [error] Error sending power command: cURL error: Operation timed out after 1000 milliseconds with 0 bytes received
[2025-06-27 14:36:26] [error] Error sending power command: cURL error: Operation timed out after 1001 milliseconds with 0 bytes received
[2025-06-27 14:38:55] [error] Error sending power command: cURL error: Operation timed out after 1001 milliseconds with 0 bytes received
[2025-07-01 12:01:18] [error] Error checking volume control support: cURL error: Connection timed out after 1001 milliseconds
[2025-07-01 15:44:37] [error] Error getting current volume: cURL error: Connection timed out after 1001 milliseconds
[2025-07-04 11:29:48] [error] Error checking volume control support: cURL error: Connection timed out after 1001 milliseconds
[2025-07-05 14:32:55] [error] Error checking volume control support: cURL error: Connection timed out after 1001 milliseconds
[2025-07-05 16:56:24] [error] Error getting current channel: cURL error: Failed to connect to 192.168.8.25 port 80 after 0 ms: Connection refused
[2025-07-06 13:08:25] [error] Error getting current channel: cURL error: Connection timed out after 1001 milliseconds
[2025-07-06 21:23:57] [error] Error sending power command: cURL error: Operation timed out after 1001 milliseconds with 0 bytes received
[2025-07-07 12:35:12] [error] Error getting current channel: cURL error: Operation timed out after 1001 milliseconds with 0 bytes received
[2025-07-07 12:35:12] [error] Error getting current channel: cURL error: Operation timed out after 1001 milliseconds with 0 bytes received
[2025-07-07 12:35:12] [error] Error getting current channel: cURL error: Operation timed out after 1001 milliseconds with 0 bytes received
[2025-07-07 12:35:12] [error] Error getting current channel: cURL error: Operation timed out after 1000 milliseconds with 0 bytes received
[2025-07-07 12:35:12] [error] Error checking volume control support: cURL error: Operation timed out after 1000 milliseconds with 0 bytes received
[2025-07-07 12:35:12] [error] Error getting current channel: cURL error: Operation timed out after 1000 milliseconds with 0 bytes received
[2025-07-07 12:35:13] [error] Error getting current channel: cURL error: Operation timed out after 1001 milliseconds with 0 bytes received
[2025-07-07 12:35:13] [error] Error getting current channel: cURL error: Operation timed out after 1001 milliseconds with 0 bytes received
[2025-07-07 12:35:13] [error] Error getting current channel: cURL error: Operation timed out after 1001 milliseconds with 0 bytes received
[2025-07-07 12:35:13] [error] Error getting current channel: cURL error: Operation timed out after 1001 milliseconds with 0 bytes received
[2025-07-07 12:35:13] [error] Error getting current channel: cURL error: Operation timed out after 1000 milliseconds with 0 bytes received
[2025-07-07 12:35:14] [error] Error getting current channel: cURL error: Operation timed out after 1000 milliseconds with 0 bytes received
[2025-07-07 12:35:17] [error] Error getting current channel: cURL error: Operation timed out after 1001 milliseconds with 0 bytes received
[2025-07-07 12:35:17] [error] Error getting current channel: cURL error: Operation timed out after 1001 milliseconds with 0 bytes received
[2025-07-07 12:35:17] [error] Error checking volume control support: cURL error: Operation timed out after 1001 milliseconds with 0 bytes received
[2025-07-07 12:35:17] [error] Error checking volume control support: cURL error: Operation timed out after 1001 milliseconds with 0 bytes received
[2025-07-07 12:35:17] [error] Error checking volume control support: cURL error: Operation timed out after 1000 milliseconds with 0 bytes received
[2025-07-07 12:35:28] [error] Error getting current channel: cURL error: Operation timed out after 1001 milliseconds with 0 bytes received
[2025-07-07 12:35:29] [error] Error getting current channel: cURL error: Operation timed out after 1000 milliseconds with 0 bytes received
[2025-07-07 12:35:30] [error] Error getting current channel: cURL error: Operation timed out after 1001 milliseconds with 0 bytes received
[2025-07-08 13:02:38] [error] Error getting current volume: cURL error: Connection timed out after 1001 milliseconds
[2025-07-08 13:05:05] [error] Error getting current channel: cURL error: Connection timed out after 1001 milliseconds
[2025-07-08 13:05:36] [error] Error checking volume control support: cURL error: Connection timed out after 1001 milliseconds
[2025-07-08 13:05:36] [error] Error getting current channel: cURL error: Connection timed out after 1000 milliseconds
[2025-07-08 13:05:37] [error] Error getting current channel: cURL error: Connection timed out after 1000 milliseconds
[2025-07-08 13:07:36] [error] Error getting current channel: cURL error: Connection timed out after 1001 milliseconds
[2025-07-09 14:48:23] [error] Error getting current volume: cURL error: Connection timed out after 1001 milliseconds
[2025-07-10 18:51:27] [error] Error getting current channel: cURL error: Connection timed out after 1001 milliseconds
[2025-07-11 17:35:29] [error] Error checking volume control support: cURL error: Operation timed out after 1000 milliseconds with 0 bytes received
[2025-07-11 17:35:31] [error] Error getting current channel: cURL error: Operation timed out after 1001 milliseconds with 0 bytes received
[2025-07-14 08:49:29] [error] Error sending power command: cURL error: Operation timed out after 1000 milliseconds with 0 bytes received
[2025-07-14 20:24:58] [error] Error getting current channel: cURL error: Connection timed out after 1001 milliseconds
[2025-07-15 13:43:02] [error] Error getting current channel: cURL error: Connection timed out after 1001 milliseconds
[2025-07-18 20:46:24] [error] Error sending power command: cURL error: Operation timed out after 1001 milliseconds with 0 bytes received
[2025-07-18 20:46:24] [error] Error sending power command: cURL error: Operation timed out after 1001 milliseconds with 0 bytes received
[2025-07-18 20:46:42] [error] Error sending power command: cURL error: Operation timed out after 1001 milliseconds with 0 bytes received
[2025-07-18 20:46:46] [error] Error sending power command: cURL error: Operation timed out after 1001 milliseconds with 0 bytes received
[2025-07-18 20:46:54] [error] Error sending power command: cURL error: Operation timed out after 1001 milliseconds with 0 bytes received
[2025-07-18 20:46:54] [error] Error sending power command: cURL error: Operation timed out after 1001 milliseconds with 0 bytes received
[2025-07-18 20:46:54] [error] Error sending power command: cURL error: Operation timed out after 1001 milliseconds with 0 bytes received
[2025-07-22 19:08:16] [error] Error checking volume control support: cURL error: Connection timed out after 1001 milliseconds
[2025-08-07 08:58:45] [error] Error sending power command: cURL error: Operation timed out after 1001 milliseconds with 0 bytes received
[2025-08-07 10:39:25] [error] Error getting current volume: cURL error: Connection timed out after 1001 milliseconds
[2025-08-08 13:31:28] [error] Error checking volume control support: cURL error: Connection timed out after 1001 milliseconds
[2025-08-08 13:38:28] [error] Error checking volume control support: cURL error: Connection timed out after 1001 milliseconds
[2025-08-08 23:26:28] [error] Error sending power command: cURL error: Operation timed out after 1001 milliseconds with 0 bytes received
[2025-08-09 15:08:31] [error] Error getting current channel: cURL error: Connection timed out after 1001 milliseconds
[2025-08-09 15:08:32] [error] Error getting current channel: cURL error: Connection timed out after 1000 milliseconds
[2025-08-10 18:43:09] [error] Error getting current channel: cURL error: Connection timed out after 1000 milliseconds
[2025-08-12 11:25:15] [error] Error checking volume control support: cURL error: Connection timed out after 1001 milliseconds
[2025-08-12 11:26:45] [error] Error checking volume control support: cURL error: Connection timed out after 1001 milliseconds
[2025-08-12 11:28:15] [error] Error checking volume control support: cURL error: Connection timed out after 1001 milliseconds
[2025-08-12 14:03:46] [error] Error getting current volume: cURL error: Connection timed out after 1001 milliseconds
[2025-08-12 15:40:15] [error] Error getting current channel: cURL error: Failed to connect to 192.168.8.25 port 80 after 0 ms: Connection refused
[2025-08-12 15:40:45] [error] Error getting current channel: cURL error: Connection timed out after 1000 milliseconds
[2025-08-13 12:46:17] [error] Error getting current channel: cURL error: Connection timed out after 1001 milliseconds
[2025-08-17 10:18:27] [error] Error sending power command: cURL error: Operation timed out after 1001 milliseconds with 0 bytes received
[2025-08-17 10:18:27] [error] Error sending power command: cURL error: Operation timed out after 1001 milliseconds with 0 bytes received
[2025-08-18 11:50:32] [error] Error sending power command: cURL error: Operation timed out after 1001 milliseconds with 0 bytes received
[2025-08-18 11:50:32] [error] Error sending power command: cURL error: Operation timed out after 1001 milliseconds with 0 bytes received
[2025-08-18 12:43:21] [error] Error sending power command: cURL error: Operation timed out after 1001 milliseconds with 0 bytes received
[2025-08-18 22:37:44] [error] Error sending power command: cURL error: Operation timed out after 1001 milliseconds with 0 bytes received
[2025-08-19 05:16:46] [error] Error getting current channel: cURL error: Operation timed out after 1001 milliseconds with 0 bytes received
[2025-08-19 05:16:48] [error] Error checking volume control support: cURL error: Connection timed out after 1001 milliseconds
[2025-08-19 05:16:49] [error] Error getting current channel: cURL error: Connection timed out after 1001 milliseconds
[2025-08-19 05:16:50] [error] Error getting current channel: cURL error: Connection timed out after 1001 milliseconds
[2025-08-19 05:16:51] [error] Error getting current channel: cURL error: Connection timed out after 1001 milliseconds
[2025-08-19 05:16:52] [error] Error getting current channel: cURL error: Operation timed out after 1000 milliseconds with 0 bytes received
[2025-08-19 10:17:45] [error] Error sending power command: cURL error: Operation timed out after 1000 milliseconds with 0 bytes received
[2025-08-19 10:18:15] [error] Error sending power command: cURL error: Operation timed out after 1000 milliseconds with 0 bytes received
[2025-08-19 10:18:15] [error] Error sending power command: cURL error: Operation timed out after 1000 milliseconds with 0 bytes received
[2025-08-19 10:18:16] [error] Error getting current channel: cURL error: Operation timed out after 1001 milliseconds with 0 bytes received
[2025-08-20 10:37:37] [error] Error sending power command: cURL error: Operation timed out after 1001 milliseconds with 0 bytes received
[2025-08-24 21:45:06] [error] Error checking volume control support: cURL error: Operation timed out after 1001 milliseconds with 0 bytes received
[2025-08-24 21:45:06] [error] Error getting current channel: cURL error: Operation timed out after 1001 milliseconds with 0 bytes received
[2025-08-24 21:45:06] [error] Error getting current channel: cURL error: Operation timed out after 1001 milliseconds with 0 bytes received
[2025-08-24 21:45:06] [error] Error getting current channel: cURL error: Operation timed out after 1001 milliseconds with 0 bytes received
[2025-08-24 21:45:06] [error] Error getting current channel: cURL error: Operation timed out after 1001 milliseconds with 0 bytes received
[2025-08-24 21:45:06] [error] Error getting current channel: cURL error: Operation timed out after 1001 milliseconds with 0 bytes received
[2025-08-24 21:45:06] [error] Error getting current channel: cURL error: Operation timed out after 1001 milliseconds with 0 bytes received
[2025-08-24 21:45:07] [error] Error getting current channel: cURL error: Operation timed out after 1000 milliseconds with 0 bytes received
[2025-08-24 21:45:07] [error] Error getting current channel: cURL error: Operation timed out after 1001 milliseconds with 0 bytes received
[2025-08-24 21:45:07] [error] Error getting current channel: cURL error: Operation timed out after 1001 milliseconds with 0 bytes received
[2025-08-24 21:45:07] [error] Error getting current channel: cURL error: Operation timed out after 1001 milliseconds with 0 bytes received
[2025-08-24 21:45:07] [error] Error getting current channel: cURL error: Operation timed out after 1000 milliseconds with 0 bytes received
[2025-08-24 21:45:07] [error] Error getting current channel: cURL error: Operation timed out after 1000 milliseconds with 0 bytes received
[2025-08-24 21:45:07] [error] Error getting current channel: cURL error: Operation timed out after 1001 milliseconds with 0 bytes received
[2025-08-24 21:45:07] [error] Error getting current channel: cURL error: Operation timed out after 1001 milliseconds with 0 bytes received
[2025-08-24 21:45:07] [error] Error getting current channel: cURL error: Operation timed out after 1001 milliseconds with 0 bytes received
[2025-08-24 21:45:08] [error] Error getting current channel: cURL error: Operation timed out after 1000 milliseconds with 0 bytes received
[2025-08-24 21:45:08] [error] Error getting current channel: cURL error: Operation timed out after 1001 milliseconds with 0 bytes received
[2025-08-24 21:45:08] [error] Error getting current channel: cURL error: Operation timed out after 1000 milliseconds with 0 bytes received
[2025-08-24 21:45:08] [error] Error getting current channel: cURL error: Operation timed out after 1001 milliseconds with 0 bytes received
[2025-08-24 21:45:08] [error] Error getting current channel: cURL error: Operation timed out after 1001 milliseconds with 0 bytes received
[2025-08-24 21:45:08] [error] Error getting current channel: cURL error: Operation timed out after 1001 milliseconds with 0 bytes received
[2025-08-24 21:45:09] [error] Error getting current channel: cURL error: Operation timed out after 1001 milliseconds with 0 bytes received
[2025-08-24 21:45:09] [error] Error getting current channel: cURL error: Operation timed out after 1001 milliseconds with 0 bytes received
[2025-08-24 21:45:09] [error] Error getting current channel: cURL error: Operation timed out after 1001 milliseconds with 0 bytes received
[2025-08-24 21:45:09] [error] Error checking volume control support: cURL error: Operation timed out after 1000 milliseconds with 0 bytes received
[2025-08-24 21:45:09] [error] Error getting current channel: cURL error: Operation timed out after 1000 milliseconds with 0 bytes received
[2025-08-24 21:45:10] [error] Error checking volume control support: cURL error: Operation timed out after 1001 milliseconds with 0 bytes received
[2025-08-24 21:45:10] [error] Error getting current channel: cURL error: Operation timed out after 1000 milliseconds with 0 bytes received
[2025-08-24 21:45:11] [error] Error checking volume control support: cURL error: Operation timed out after 1000 milliseconds with 0 bytes received
[2025-08-24 21:45:11] [error] Error checking volume control support: cURL error: Operation timed out after 1001 milliseconds with 0 bytes received
[2025-08-24 21:45:11] [error] Error checking volume control support: cURL error: Operation timed out after 1000 milliseconds with 0 bytes received
[2025-08-24 21:45:11] [error] Error checking volume control support: cURL error: Operation timed out after 1001 milliseconds with 0 bytes received
[2025-08-24 21:45:12] [error] Error checking volume control support: cURL error: Operation timed out after 1000 milliseconds with 0 bytes received
[2025-08-24 21:45:12] [error] Error checking volume control support: cURL error: Operation timed out after 1001 milliseconds with 0 bytes received
[2025-08-24 21:45:12] [error] Error getting current channel: cURL error: Operation timed out after 1001 milliseconds with 0 bytes received
[2025-08-24 21:45:12] [error] Error getting current channel: cURL error: Operation timed out after 1000 milliseconds with 0 bytes received
[2025-08-24 21:45:13] [error] Error checking volume control support: cURL error: Operation timed out after 1000 milliseconds with 0 bytes received
[2025-08-24 21:45:13] [error] Error checking volume control support: cURL error: Operation timed out after 1000 milliseconds with 0 bytes received
[2025-08-24 21:45:13] [error] Error getting current channel: cURL error: Operation timed out after 1001 milliseconds with 0 bytes received
[2025-08-24 21:45:14] [error] Error getting current channel: cURL error: Operation timed out after 1001 milliseconds with 0 bytes received
[2025-08-24 21:45:15] [error] Error checking volume control support: cURL error: Operation timed out after 1001 milliseconds with 0 bytes received
[2025-08-24 21:45:15] [error] Error getting current volume: cURL error: Operation timed out after 1001 milliseconds with 0 bytes received
[2025-08-24 21:45:15] [error] Error getting current volume: cURL error: Operation timed out after 1001 milliseconds with 0 bytes received
[2025-08-24 21:45:34] [error] Error getting current channel: cURL error: Operation timed out after 1001 milliseconds with 0 bytes received
[2025-08-24 21:45:35] [error] Error getting current channel: cURL error: Operation timed out after 1001 milliseconds with 0 bytes received
[2025-08-25 10:58:36] [error] Error sending power command: cURL error: Operation timed out after 1000 milliseconds with 0 bytes received
[2025-08-25 10:58:36] [error] Error getting current channel: cURL error: Operation timed out after 1001 milliseconds with 0 bytes received
[2025-08-25 10:58:40] [error] Error getting current channel: cURL error: Operation timed out after 1000 milliseconds with 0 bytes received
[2025-08-25 10:58:41] [error] Error checking volume control support: cURL error: Operation timed out after 1001 milliseconds with 0 bytes received
[2025-08-25 18:19:09] [error] Error getting current volume: cURL error: Connection timed out after 1001 milliseconds
